<?xml version="1.0" encoding="UTF-8"?>
<testng-results ignored="0" total="2" passed="2" failed="0" skipped="0">
  <reporter-output>
  </reporter-output>
  <suite started-at="2022-06-21T15:25:45 IST" name="Practice Suite" finished-at="2022-06-21T15:25:45 IST" duration-ms="48">
    <groups>
    </groups>
    <test started-at="2022-06-21T15:25:45 IST" name="Test Group one" finished-at="2022-06-21T15:25:45 IST" duration-ms="48">
      <class name="com.testcases.GeneralTest">
        <test-method signature="operationsTest()[pri:0, instance:com.testcases.GeneralTest@5e316c74]" started-at="2022-06-21T15:25:45 IST" name="operationsTest" finished-at="2022-06-21T15:25:45 IST" duration-ms="1" status="PASS">
          <reporter-output>
          </reporter-output>
        </test-method> <!-- operationsTest -->
      </class> <!-- com.testcases.GeneralTest -->
      <class name="com.testcases.TestUnit">
        <test-method signature="factTest()[pri:0, instance:com.testcases.TestUnit@4e91d63f]" started-at="2022-06-21T15:25:45 IST" name="factTest" finished-at="2022-06-21T15:25:45 IST" duration-ms="16" status="PASS">
          <reporter-output>
          </reporter-output>
        </test-method> <!-- factTest -->
      </class> <!-- com.testcases.TestUnit -->
    </test> <!-- Test Group one -->
  </suite> <!-- Practice Suite -->
</testng-results>
