<?xml version="1.0" encoding="UTF-8"?>
<testng-results ignored="0" total="3" passed="3" failed="0" skipped="0">
  <reporter-output>
  </reporter-output>
  <suite started-at="2022-06-21T15:41:02 IST" name="Practice Suite" finished-at="2022-06-21T15:41:07 IST" duration-ms="5000">
    <groups>
    </groups>
    <test started-at="2022-06-21T15:41:02 IST" name="Test Group one" finished-at="2022-06-21T15:41:07 IST" duration-ms="5000">
      <class name="com.testcases.GeneralTest">
        <test-method signature="operationsTest()[pri:0, instance:com.testcases.GeneralTest@3c407114]" started-at="2022-06-21T15:41:02 IST" name="operationsTest" finished-at="2022-06-21T15:41:02 IST" duration-ms="2" status="PASS">
          <reporter-output>
          </reporter-output>
        </test-method> <!-- operationsTest -->
      </class> <!-- com.testcases.GeneralTest -->
      <class name="com.testcases.TestUnit">
        <test-method signature="factTest()[pri:0, instance:com.testcases.TestUnit@3911c2a7]" started-at="2022-06-21T15:41:02 IST" name="factTest" finished-at="2022-06-21T15:41:02 IST" duration-ms="12" status="PASS">
          <reporter-output>
          </reporter-output>
        </test-method> <!-- factTest -->
      </class> <!-- com.testcases.TestUnit -->
      <class name="com.testcases.SeleniumTests">
        <test-method is-config="true" signature="initialize()[pri:0, instance:com.testcases.SeleniumTests@384ad17b]" started-at="2022-06-21T15:41:02 IST" name="initialize" finished-at="2022-06-21T15:41:05 IST" duration-ms="2109" status="PASS">
          <reporter-output>
          </reporter-output>
        </test-method> <!-- initialize -->
        <test-method signature="test()[pri:0, instance:com.testcases.SeleniumTests@384ad17b]" started-at="2022-06-21T15:41:05 IST" name="test" finished-at="2022-06-21T15:41:07 IST" duration-ms="2828" status="PASS">
          <reporter-output>
          </reporter-output>
        </test-method> <!-- test -->
      </class> <!-- com.testcases.SeleniumTests -->
    </test> <!-- Test Group one -->
  </suite> <!-- Practice Suite -->
</testng-results>
