<?xml version="1.0" encoding="UTF-8"?>
<!-- Generated by org.testng.reporters.JUnitXMLReporter -->
<testsuite ignored="1" hostname="VinodhPC" failures="0" tests="3" name="Test Group one" time="4.517" errors="0" timestamp="2022-06-21T15:50:20 IST">
  <testcase classname="com.testcases.TestUnit" name="factTest" time="0.009"/>
  <testcase classname="com.testcases.GeneralTest" name="operationsTest" time="0.001"/>
  <testcase classname="com.testcases.SeleniumTests" name="test2" time="2.175"/>
  <testcase classname="com.testcases.SeleniumTests" name="test" time="0.0">
    <ignored/>
  </testcase> <!-- test -->
</testsuite> <!-- Test Group one -->
