<?xml version="1.0" encoding="UTF-8"?>
<!-- Generated by org.testng.reporters.JUnitXMLReporter -->
<testsuite ignored="0" hostname="VinodhPC" failures="0" tests="3" name="Test Group one" time="5.0" errors="0" timestamp="2022-06-21T15:41:07 IST">
  <testcase classname="com.testcases.TestUnit" name="factTest" time="0.012"/>
  <testcase classname="com.testcases.GeneralTest" name="operationsTest" time="0.002"/>
  <testcase classname="com.testcases.SeleniumTests" name="test" time="2.828"/>
</testsuite> <!-- Test Group one -->
